<?xml version="1.0" encoding="UTF-8"?>
<testng-results ignored="0" total="1" passed="1" failed="0" skipped="0">
  <reporter-output>
  </reporter-output>
  <suite started-at="2020-07-23T21:08:08 CEST" name="Suite" finished-at="2020-07-23T21:08:28 CEST" duration-ms="20075">
    <groups>
    </groups>
    <test started-at="2020-07-23T21:08:08 CEST" name="regression" finished-at="2020-07-23T21:08:28 CEST" duration-ms="20075">
      <class name="com.qa.tests.LoginTest">
        <test-method is-config="true" signature="invokeWebriver()[pri:0, instance:com.qa.tests.LoginTest@7995092a]" started-at="2020-07-23T21:08:08 CEST" name="invokeWebriver" finished-at="2020-07-23T21:08:15 CEST" duration-ms="6952" status="PASS">
          <reporter-output>
          </reporter-output>
        </test-method> <!-- invokeWebriver -->
        <test-method is-config="true" signature="beforeMethod(java.lang.reflect.Method)[pri:0, instance:com.qa.tests.LoginTest@7995092a]" started-at="2020-07-23T21:08:15 CEST" name="beforeMethod" finished-at="2020-07-23T21:08:26 CEST" duration-ms="10804" status="PASS">
          <params>
            <param index="0">
              <value>
                <![CDATA[public void com.qa.tests.LoginTest.successFullLogin()]]>
              </value>
            </param>
          </params>
          <reporter-output>
          </reporter-output>
        </test-method> <!-- beforeMethod -->
        <test-method signature="successFullLogin()[pri:0, instance:com.qa.tests.LoginTest@7995092a]" started-at="2020-07-23T21:08:26 CEST" name="successFullLogin" finished-at="2020-07-23T21:08:27 CEST" duration-ms="1561" status="PASS">
          <reporter-output>
          </reporter-output>
        </test-method> <!-- successFullLogin -->
        <test-method is-config="true" signature="tearDown()[pri:0, instance:com.qa.tests.LoginTest@7995092a]" started-at="2020-07-23T21:08:27 CEST" name="tearDown" finished-at="2020-07-23T21:08:28 CEST" duration-ms="661" status="PASS">
          <reporter-output>
          </reporter-output>
        </test-method> <!-- tearDown -->
      </class> <!-- com.qa.tests.LoginTest -->
    </test> <!-- regression -->
  </suite> <!-- Suite -->
</testng-results>
